<?xml version="1.0" encoding="UTF-8"?>
<!-- Generated by org.testng.reporters.JUnitReportReporter -->
<testsuite hostname="rima-PC" name="cz.cuni.mff.d3s.deeco.test.unit.knowledge.KPBuilderTest" tests="20" failures="0" timestamp="5 Apr 2013 08:30:29 GMT" time="0.001" errors="0">
  <testcase name="decomposePathWithLastElementBlank" time="0.000" classname="cz.cuni.mff.d3s.deeco.test.unit.knowledge.KPBuilderTest"/>
  <testcase name="decomposeANullPath" time="0.000" classname="cz.cuni.mff.d3s.deeco.test.unit.knowledge.KPBuilderTest"/>
  <testcase name="decomposePathWithMiddleElementBlank" time="0.000" classname="cz.cuni.mff.d3s.deeco.test.unit.knowledge.KPBuilderTest"/>
  <testcase name="appendToEmptyRoot" time="0.000" classname="cz.cuni.mff.d3s.deeco.test.unit.knowledge.KPBuilderTest"/>
  <testcase name="prependToRootBlankTail" time="0.000" classname="cz.cuni.mff.d3s.deeco.test.unit.knowledge.KPBuilderTest"/>
  <testcase name="decomposeAnEmptyPath" time="0.000" classname="cz.cuni.mff.d3s.deeco.test.unit.knowledge.KPBuilderTest"/>
  <testcase name="decomposePathWithFirstElementBlank" time="0.000" classname="cz.cuni.mff.d3s.deeco.test.unit.knowledge.KPBuilderTest"/>
  <testcase name="prependToEmptyRoot" time="0.001" classname="cz.cuni.mff.d3s.deeco.test.unit.knowledge.KPBuilderTest"/>
  <testcase name="prependToBlankRoot" time="0.000" classname="cz.cuni.mff.d3s.deeco.test.unit.knowledge.KPBuilderTest"/>
  <testcase name="appendToRootANullTail" time="0.000" classname="cz.cuni.mff.d3s.deeco.test.unit.knowledge.KPBuilderTest"/>
  <testcase name="appendToRoot" time="0.000" classname="cz.cuni.mff.d3s.deeco.test.unit.knowledge.KPBuilderTest"/>
  <testcase name="prependToRoot" time="0.000" classname="cz.cuni.mff.d3s.deeco.test.unit.knowledge.KPBuilderTest"/>
  <testcase name="appendToRootBlankTail" time="0.000" classname="cz.cuni.mff.d3s.deeco.test.unit.knowledge.KPBuilderTest"/>
  <testcase name="prependToRootANullTail" time="0.000" classname="cz.cuni.mff.d3s.deeco.test.unit.knowledge.KPBuilderTest"/>
  <testcase name="decomposePathWithFirstElementEmpty" time="0.000" classname="cz.cuni.mff.d3s.deeco.test.unit.knowledge.KPBuilderTest"/>
  <testcase name="decomposeABlankPath" time="0.000" classname="cz.cuni.mff.d3s.deeco.test.unit.knowledge.KPBuilderTest"/>
  <testcase name="decomposePath" time="0.000" classname="cz.cuni.mff.d3s.deeco.test.unit.knowledge.KPBuilderTest"/>
  <testcase name="decomposePathWithMiddleElementEmpty" time="0.000" classname="cz.cuni.mff.d3s.deeco.test.unit.knowledge.KPBuilderTest"/>
  <testcase name="decomposePathWithLastElementEmpty" time="0.000" classname="cz.cuni.mff.d3s.deeco.test.unit.knowledge.KPBuilderTest"/>
  <testcase name="appendToBlankRoot" time="0.000" classname="cz.cuni.mff.d3s.deeco.test.unit.knowledge.KPBuilderTest"/>
</testsuite>
