<?xml version="1.0" encoding="UTF-8"?>
<!-- Generated by org.testng.reporters.JUnitReportReporter -->
<testsuite hostname="rima-PC" name="cz.cuni.mff.d3s.deeco.test.unit.TestNGExamples" tests="6" failures="0" timestamp="5 Apr 2013 08:30:29 GMT" time="0.000" errors="0">
  <testcase name="shouldAddSameCurrencies" time="0.000" classname="cz.cuni.mff.d3s.deeco.test.unit.TestNGExamples"/>
  <testcase name="shouldAddSameCurrencies" time="0.000" classname="cz.cuni.mff.d3s.deeco.test.unit.TestNGExamples"/>
  <testcase name="aFastTest" time="0.000" classname="cz.cuni.mff.d3s.deeco.test.unit.TestNGExamples"/>
  <testcase name="shouldAddSameCurrencies" time="0.000" classname="cz.cuni.mff.d3s.deeco.test.unit.TestNGExamples"/>
  <testcase name="aSlowTest" time="0.000" classname="cz.cuni.mff.d3s.deeco.test.unit.TestNGExamples"/>
  <testcase name="testNullPointerException" time="0.000" classname="cz.cuni.mff.d3s.deeco.test.unit.TestNGExamples"/>
</testsuite>
