<?xml version="1.0" encoding="UTF-8" ?>
<testsuite failures="0" time="0.547" errors="0" skipped="0" tests="29" name="TestSuite">
  <properties>
    <property name="java.runtime.name" value="Java(TM) SE Runtime Environment"/>
    <property name="sun.boot.library.path" value="C:\Program Files\Java\jdk7\jre\bin"/>
    <property name="java.vm.version" value="23.7-b01"/>
    <property name="java.vm.vendor" value="Oracle Corporation"/>
    <property name="java.vendor.url" value="http://java.oracle.com/"/>
    <property name="path.separator" value=";"/>
    <property name="guice.disable.misplaced.annotation.check" value="true"/>
    <property name="java.vm.name" value="Java HotSpot(TM) 64-Bit Server VM"/>
    <property name="file.encoding.pkg" value="sun.io"/>
    <property name="user.script" value=""/>
    <property name="user.country" value="US"/>
    <property name="sun.java.launcher" value="SUN_STANDARD"/>
    <property name="sun.os.patch.level" value="Service Pack 1"/>
    <property name="java.vm.specification.name" value="Java Virtual Machine Specification"/>
    <property name="user.dir" value="C:\Users\rima\Documents\GitHub\JDEECo\jdeeco-parent"/>
    <property name="java.runtime.version" value="1.7.0_15-b03"/>
    <property name="java.awt.graphicsenv" value="sun.awt.Win32GraphicsEnvironment"/>
    <property name="java.endorsed.dirs" value="C:\Program Files\Java\jdk7\jre\lib\endorsed"/>
    <property name="os.arch" value="amd64"/>
    <property name="java.io.tmpdir" value="C:\Users\rima\AppData\Local\Temp\"/>
    <property name="line.separator" value="
"/>
    <property name="java.vm.specification.vendor" value="Oracle Corporation"/>
    <property name="user.variant" value=""/>
    <property name="os.name" value="Windows 7"/>
    <property name="classworlds.conf" value="C:\Users\rima\workspace-rcp\.metadata\.plugins\org.eclipse.m2e.core\launches\m2conf7413683223865475245.tmp"/>
    <property name="sun.jnu.encoding" value="Cp1252"/>
    <property name="java.library.path" value="C:\Program Files\Java\jdk7\bin;C:\Windows\Sun\Java\bin;C:\Windows\system32;C:\Windows;C:\Windows\system32;C:\Windows;C:\Windows\system32\wbem;C:\Program Files\Common Files\Microsoft Shared\Windows Live;C:\Program Files (x86)\Common Files\Microsoft Shared\Windows Live;C:\Program Files (x86)\Intel\iCLS Client;C:\Program Files\Intel\iCLS Client;C:\Windows\System32\WindowsPowerShell\v1.0;C:\Program Files\Intel\WiFi\bin;C:\Program Files\Common Files\Intel\WirelessCommon;C:\Program Files\WIDCOMM\Bluetooth Software;C:\Program Files\WIDCOMM\Bluetooth Software\syswow64;C:\Program Files\Dell\Dell Data Protection\Access\Advanced\Wave\Gemalto\Access Client\v5;C:\Program Files (x86)\NTRU Cryptosystems\NTRU TCG Software Stack\bin;C:\Program Files\NTRU Cryptosystems\NTRU TCG Software Stack\bin;C:\Program Files\Intel\Intel(R) Management Engine Components\DAL;C:\Program Files\Intel\Intel(R) Management Engine Components\IPT;C:\Program Files (x86)\Intel\Intel(R) Management Engine Components\DAL;C:\Program Files (x86)\Intel\Intel(R) Management Engine Components\IPT;C:\Program Files (x86)\Windows Live\Shared;C:\Program Files (x86)\Java\jdk1.6.0\bin;C:\Program Files\TortoiseHg;C:\Program Files\TortoiseGit\bin;C:\Program Files\Intel\WiFi\bin\;C:\Program Files\Common Files\Intel\WirelessCommon\;C:\Program Files\MATLAB\R2012b\bin;C:\Program Files\MiKTeX 2.9\miktex\bin\x64\;%C:\Program Files\Java\jdk1.6.0_37%\bin;C:\D\apache-ant-1.8.3\bin;C:\D\apache-maven-3.0.4-bin\apache-maven-3.0.4\bin;C:\Program Files\Intel\WiFi\bin\;C:\Program Files\Common Files\Intel\WirelessCommon\;C:\Program Files (x86)\OpenVPN\bin;."/>
    <property name="java.specification.name" value="Java Platform API Specification"/>
    <property name="java.class.version" value="51.0"/>
    <property name="sun.management.compiler" value="HotSpot 64-Bit Tiered Compilers"/>
    <property name="os.version" value="6.1"/>
    <property name="user.home" value="C:\Users\rima"/>
    <property name="user.timezone" value="Europe/Prague"/>
    <property name="java.awt.printerjob" value="sun.awt.windows.WPrinterJob"/>
    <property name="java.specification.version" value="1.7"/>
    <property name="file.encoding" value="Cp1252"/>
    <property name="user.name" value="rima"/>
    <property name="java.class.path" value="/C:/D/eclipse-rcp-juno-SR1-win32-x86_64/eclipse/configuration/org.eclipse.osgi/bundles/245/1/.cp/jars/plexus-classworlds-2.4.jar"/>
    <property name="java.vm.specification.version" value="1.7"/>
    <property name="sun.arch.data.model" value="64"/>
    <property name="java.home" value="C:\Program Files\Java\jdk7\jre"/>
    <property name="sun.java.command" value="org.codehaus.plexus.classworlds.launcher.Launcher -B clean install"/>
    <property name="java.specification.vendor" value="Oracle Corporation"/>
    <property name="user.language" value="en"/>
    <property name="awt.toolkit" value="sun.awt.windows.WToolkit"/>
    <property name="java.vm.info" value="mixed mode"/>
    <property name="java.version" value="1.7.0_15"/>
    <property name="java.ext.dirs" value="C:\Program Files\Java\jdk7\jre\lib\ext;C:\Windows\Sun\Java\lib\ext"/>
    <property name="sun.boot.class.path" value="C:\Program Files\Java\jdk7\jre\lib\resources.jar;C:\Program Files\Java\jdk7\jre\lib\rt.jar;C:\Program Files\Java\jdk7\jre\lib\sunrsasign.jar;C:\Program Files\Java\jdk7\jre\lib\jsse.jar;C:\Program Files\Java\jdk7\jre\lib\jce.jar;C:\Program Files\Java\jdk7\jre\lib\charsets.jar;C:\Program Files\Java\jdk7\jre\lib\jfr.jar;C:\Program Files\Java\jdk7\jre\classes"/>
    <property name="java.vendor" value="Oracle Corporation"/>
    <property name="maven.home" value="C:\Users\rima\Documents\GitHub\JDEECo\jdeeco-parent\EMBEDDED"/>
    <property name="file.separator" value="\"/>
    <property name="java.vendor.url.bug" value="http://bugreport.sun.com/bugreport/"/>
    <property name="sun.cpu.endian" value="little"/>
    <property name="sun.io.unicode.encoding" value="UnicodeLittle"/>
    <property name="sun.desktop" value="windows"/>
    <property name="sun.cpu.isalist" value="amd64"/>
  </properties>
  <testcase time="0" classname="cz.cuni.mff.d3s.deeco.test.unit.TestNGExamples" name="testNullPointerException"/>
  <testcase time="0" classname="cz.cuni.mff.d3s.deeco.test.unit.TestNGExamples" name="shouldAddSameCurrencies"/>
  <testcase time="0" classname="cz.cuni.mff.d3s.deeco.test.unit.TestNGExamples" name="shouldAddSameCurrencies"/>
  <testcase time="0" classname="cz.cuni.mff.d3s.deeco.test.unit.TestNGExamples" name="shouldAddSameCurrencies"/>
  <testcase time="0" classname="cz.cuni.mff.d3s.deeco.test.unit.TestNGExamples" name="aFastTest"/>
  <testcase time="0" classname="cz.cuni.mff.d3s.deeco.test.unit.TestNGExamples" name="aSlowTest"/>
  <testcase time="0" classname="cz.cuni.mff.d3s.deeco.test.unit.knowledge.LocalKnowledgeRepositoryTest" name="take"/>
  <testcase time="0" classname="cz.cuni.mff.d3s.deeco.test.unit.knowledge.LocalKnowledgeRepositoryTest" name="get"/>
  <testcase time="0.016" classname="cz.cuni.mff.d3s.deeco.test.unit.knowledge.LocalKnowledgeRepositoryTest" name="getWithException"/>
  <testcase time="0.001" classname="cz.cuni.mff.d3s.deeco.test.unit.knowledge.KPBuilderTest" name="prependToEmptyRoot"/>
  <testcase time="0" classname="cz.cuni.mff.d3s.deeco.test.unit.knowledge.KPBuilderTest" name="decomposePathWithLastElementBlank"/>
  <testcase time="0" classname="cz.cuni.mff.d3s.deeco.test.unit.knowledge.KPBuilderTest" name="decomposePathWithFirstElementBlank"/>
  <testcase time="0" classname="cz.cuni.mff.d3s.deeco.test.unit.knowledge.KPBuilderTest" name="prependToRootBlankTail"/>
  <testcase time="0" classname="cz.cuni.mff.d3s.deeco.test.unit.knowledge.KPBuilderTest" name="appendToRoot"/>
  <testcase time="0" classname="cz.cuni.mff.d3s.deeco.test.unit.knowledge.KPBuilderTest" name="decomposePathWithLastElementEmpty"/>
  <testcase time="0" classname="cz.cuni.mff.d3s.deeco.test.unit.knowledge.KPBuilderTest" name="decomposeABlankPath"/>
  <testcase time="0" classname="cz.cuni.mff.d3s.deeco.test.unit.knowledge.KPBuilderTest" name="decomposeAnEmptyPath"/>
  <testcase time="0" classname="cz.cuni.mff.d3s.deeco.test.unit.knowledge.KPBuilderTest" name="appendToBlankRoot"/>
  <testcase time="0" classname="cz.cuni.mff.d3s.deeco.test.unit.knowledge.KPBuilderTest" name="prependToBlankRoot"/>
  <testcase time="0" classname="cz.cuni.mff.d3s.deeco.test.unit.knowledge.KPBuilderTest" name="decomposeANullPath"/>
  <testcase time="0" classname="cz.cuni.mff.d3s.deeco.test.unit.knowledge.KPBuilderTest" name="decomposePathWithMiddleElementEmpty"/>
  <testcase time="0" classname="cz.cuni.mff.d3s.deeco.test.unit.knowledge.KPBuilderTest" name="decomposePathWithMiddleElementBlank"/>
  <testcase time="0" classname="cz.cuni.mff.d3s.deeco.test.unit.knowledge.KPBuilderTest" name="appendToEmptyRoot"/>
  <testcase time="0" classname="cz.cuni.mff.d3s.deeco.test.unit.knowledge.KPBuilderTest" name="decomposePath"/>
  <testcase time="0" classname="cz.cuni.mff.d3s.deeco.test.unit.knowledge.KPBuilderTest" name="prependToRoot"/>
  <testcase time="0" classname="cz.cuni.mff.d3s.deeco.test.unit.knowledge.KPBuilderTest" name="appendToRootANullTail"/>
  <testcase time="0" classname="cz.cuni.mff.d3s.deeco.test.unit.knowledge.KPBuilderTest" name="prependToRootANullTail"/>
  <testcase time="0" classname="cz.cuni.mff.d3s.deeco.test.unit.knowledge.KPBuilderTest" name="decomposePathWithFirstElementEmpty"/>
  <testcase time="0" classname="cz.cuni.mff.d3s.deeco.test.unit.knowledge.KPBuilderTest" name="appendToRootBlankTail"/>
</testsuite>